<?xml version="1.0" encoding="UTF-8"?>
<!-- Generated by org.testng.reporters.JUnitXMLReporter -->
<testsuite ignored="12" hostname="HeartPC" failures="0" tests="1" name="Default test" time="11.538" errors="0" timestamp="08 Dec 2022 06:56:35 GMT">
  <testcase classname="Selenium.TricentisObstcaleCourse.Easy" name="hiddenElement" time="6.684"/>
  <testcase classname="Selenium.TricentisObstcaleCourse.Easy" name="popupWindows" time="0.0">
    <ignored/>
  </testcase> <!-- popupWindows -->
  <testcase classname="Selenium.TricentisObstcaleCourse.Easy" name="theObvious" time="0.0">
    <ignored/>
  </testcase> <!-- theObvious -->
  <testcase classname="Selenium.TricentisObstcaleCourse.Easy" name="extractingText" time="0.0">
    <ignored/>
  </testcase> <!-- extractingText -->
  <testcase classname="Selenium.TricentisObstcaleCourse.Easy" name="meethingScheduler" time="0.0">
    <ignored/>
  </testcase> <!-- meethingScheduler -->
  <testcase classname="Selenium.TricentisObstcaleCourse.Easy" name="twins" time="0.0">
    <ignored/>
  </testcase> <!-- twins -->
  <testcase classname="Selenium.TricentisObstcaleCourse.Easy" name="futureChristmas" time="0.0">
    <ignored/>
  </testcase> <!-- futureChristmas -->
  <testcase classname="Selenium.TricentisObstcaleCourse.Easy" name="idsAreNotEverything" time="0.0">
    <ignored/>
  </testcase> <!-- idsAreNotEverything -->
  <testcase classname="Selenium.TricentisObstcaleCourse.Easy" name="tomorrow" time="0.0">
    <ignored/>
  </testcase> <!-- tomorrow -->
  <testcase classname="Selenium.TricentisObstcaleCourse.Easy" name="waitAMoment" time="0.0">
    <ignored/>
  </testcase> <!-- waitAMoment -->
  <testcase classname="Selenium.TricentisObstcaleCourse.Easy" name="findAndFill" time="0.0">
    <ignored/>
  </testcase> <!-- findAndFill -->
  <testcase classname="Selenium.TricentisObstcaleCourse.Easy" name="redStripe" time="0.0">
    <ignored/>
  </testcase> <!-- redStripe -->
  <testcase classname="Selenium.TricentisObstcaleCourse.Easy" name="escape" time="0.0">
    <ignored/>
  </testcase> <!-- escape -->
</testsuite> <!-- Default test -->
