<?xml version="1.0" encoding="UTF-8"?>
<!-- Generated by org.testng.reporters.JUnitXMLReporter -->
<testsuite ignored="0" hostname="HeartPC" failures="0" tests="13" name="Easy Obstacle Test" time="127.897" errors="0" timestamp="08 Dec 2022 07:47:28 GMT">
  <testcase classname="Selenium.TricentisObstcaleCourse.EasyTest" name="escape" time="5.087"/>
  <testcase classname="Selenium.TricentisObstcaleCourse.EasyTest" name="extractingText" time="4.96"/>
  <testcase classname="Selenium.TricentisObstcaleCourse.EasyTest" name="findAndFill" time="6.592"/>
  <testcase classname="Selenium.TricentisObstcaleCourse.EasyTest" name="futureChristmas" time="4.525"/>
  <testcase classname="Selenium.TricentisObstcaleCourse.EasyTest" name="hiddenElement" time="5.435"/>
  <testcase classname="Selenium.TricentisObstcaleCourse.EasyTest" name="idsAreNotEverything" time="4.492"/>
  <testcase classname="Selenium.TricentisObstcaleCourse.EasyTest" name="meethingScheduler" time="4.941"/>
  <testcase classname="Selenium.TricentisObstcaleCourse.EasyTest" name="popupWindows" time="3.857"/>
  <testcase classname="Selenium.TricentisObstcaleCourse.EasyTest" name="redStripe" time="6.348"/>
  <testcase classname="Selenium.TricentisObstcaleCourse.EasyTest" name="theObvious" time="6.013"/>
  <testcase classname="Selenium.TricentisObstcaleCourse.EasyTest" name="tomorrow" time="6.294"/>
  <testcase classname="Selenium.TricentisObstcaleCourse.EasyTest" name="twins" time="5.667"/>
  <testcase classname="Selenium.TricentisObstcaleCourse.EasyTest" name="waitAMoment" time="16.492"/>
</testsuite> <!-- Easy Obstacle Test -->
