<?xml version="1.0" encoding="UTF-8"?>
<testng-results ignored="0" total="13" passed="13" failed="0" skipped="0">
  <reporter-output>
  </reporter-output>
  <suite started-at="2022-12-08T07:45:20Z" name="Suite" finished-at="2022-12-08T07:47:28Z" duration-ms="127897">
    <groups>
    </groups>
    <test started-at="2022-12-08T07:45:20Z" name="Easy Obstacle Test" finished-at="2022-12-08T07:47:28Z" duration-ms="127897">
      <class name="Selenium.TricentisObstcaleCourse.EasyTest">
        <test-method is-config="true" signature="initializeDriver()[pri:0, instance:Selenium.TricentisObstcaleCourse.EasyTest@1e8b7643]" started-at="2022-12-08T07:45:20Z" name="initializeDriver" finished-at="2022-12-08T07:45:25Z" duration-ms="5007" status="PASS">
          <reporter-output>
          </reporter-output>
        </test-method> <!-- initializeDriver -->
        <test-method signature="escape()[pri:0, instance:Selenium.TricentisObstcaleCourse.EasyTest@1e8b7643]" started-at="2022-12-08T07:45:25Z" name="escape" finished-at="2022-12-08T07:45:30Z" duration-ms="5087" status="PASS">
          <reporter-output>
          </reporter-output>
        </test-method> <!-- escape -->
        <test-method is-config="true" signature="tearDown()[pri:0, instance:Selenium.TricentisObstcaleCourse.EasyTest@1e8b7643]" started-at="2022-12-08T07:45:30Z" name="tearDown" finished-at="2022-12-08T07:45:31Z" duration-ms="632" status="PASS">
          <reporter-output>
          </reporter-output>
        </test-method> <!-- tearDown -->
        <test-method is-config="true" signature="initializeDriver()[pri:0, instance:Selenium.TricentisObstcaleCourse.EasyTest@1e8b7643]" started-at="2022-12-08T07:45:31Z" name="initializeDriver" finished-at="2022-12-08T07:45:34Z" duration-ms="2806" status="PASS">
          <reporter-output>
          </reporter-output>
        </test-method> <!-- initializeDriver -->
        <test-method signature="extractingText()[pri:0, instance:Selenium.TricentisObstcaleCourse.EasyTest@1e8b7643]" started-at="2022-12-08T07:45:34Z" name="extractingText" finished-at="2022-12-08T07:45:38Z" duration-ms="4960" status="PASS">
          <reporter-output>
          </reporter-output>
        </test-method> <!-- extractingText -->
        <test-method is-config="true" signature="tearDown()[pri:0, instance:Selenium.TricentisObstcaleCourse.EasyTest@1e8b7643]" started-at="2022-12-08T07:45:38Z" name="tearDown" finished-at="2022-12-08T07:45:39Z" duration-ms="547" status="PASS">
          <reporter-output>
          </reporter-output>
        </test-method> <!-- tearDown -->
        <test-method is-config="true" signature="initializeDriver()[pri:0, instance:Selenium.TricentisObstcaleCourse.EasyTest@1e8b7643]" started-at="2022-12-08T07:45:39Z" name="initializeDriver" finished-at="2022-12-08T07:45:42Z" duration-ms="2709" status="PASS">
          <reporter-output>
          </reporter-output>
        </test-method> <!-- initializeDriver -->
        <test-method signature="findAndFill()[pri:0, instance:Selenium.TricentisObstcaleCourse.EasyTest@1e8b7643]" started-at="2022-12-08T07:45:42Z" name="findAndFill" finished-at="2022-12-08T07:45:48Z" duration-ms="6592" status="PASS">
          <reporter-output>
          </reporter-output>
        </test-method> <!-- findAndFill -->
        <test-method is-config="true" signature="tearDown()[pri:0, instance:Selenium.TricentisObstcaleCourse.EasyTest@1e8b7643]" started-at="2022-12-08T07:45:48Z" name="tearDown" finished-at="2022-12-08T07:45:49Z" duration-ms="603" status="PASS">
          <reporter-output>
          </reporter-output>
        </test-method> <!-- tearDown -->
        <test-method is-config="true" signature="initializeDriver()[pri:0, instance:Selenium.TricentisObstcaleCourse.EasyTest@1e8b7643]" started-at="2022-12-08T07:45:49Z" name="initializeDriver" finished-at="2022-12-08T07:45:52Z" duration-ms="2896" status="PASS">
          <reporter-output>
          </reporter-output>
        </test-method> <!-- initializeDriver -->
        <test-method signature="futureChristmas()[pri:0, instance:Selenium.TricentisObstcaleCourse.EasyTest@1e8b7643]" started-at="2022-12-08T07:45:52Z" name="futureChristmas" finished-at="2022-12-08T07:45:56Z" duration-ms="4525" status="PASS">
          <reporter-output>
          </reporter-output>
        </test-method> <!-- futureChristmas -->
        <test-method is-config="true" signature="tearDown()[pri:0, instance:Selenium.TricentisObstcaleCourse.EasyTest@1e8b7643]" started-at="2022-12-08T07:45:56Z" name="tearDown" finished-at="2022-12-08T07:45:57Z" duration-ms="540" status="PASS">
          <reporter-output>
          </reporter-output>
        </test-method> <!-- tearDown -->
        <test-method is-config="true" signature="initializeDriver()[pri:0, instance:Selenium.TricentisObstcaleCourse.EasyTest@1e8b7643]" started-at="2022-12-08T07:45:57Z" name="initializeDriver" finished-at="2022-12-08T07:46:00Z" duration-ms="2765" status="PASS">
          <reporter-output>
          </reporter-output>
        </test-method> <!-- initializeDriver -->
        <test-method signature="hiddenElement()[pri:0, instance:Selenium.TricentisObstcaleCourse.EasyTest@1e8b7643]" started-at="2022-12-08T07:46:00Z" name="hiddenElement" finished-at="2022-12-08T07:46:05Z" duration-ms="5435" status="PASS">
          <reporter-output>
          </reporter-output>
        </test-method> <!-- hiddenElement -->
        <test-method is-config="true" signature="tearDown()[pri:0, instance:Selenium.TricentisObstcaleCourse.EasyTest@1e8b7643]" started-at="2022-12-08T07:46:05Z" name="tearDown" finished-at="2022-12-08T07:46:06Z" duration-ms="650" status="PASS">
          <reporter-output>
          </reporter-output>
        </test-method> <!-- tearDown -->
        <test-method is-config="true" signature="initializeDriver()[pri:0, instance:Selenium.TricentisObstcaleCourse.EasyTest@1e8b7643]" started-at="2022-12-08T07:46:06Z" name="initializeDriver" finished-at="2022-12-08T07:46:09Z" duration-ms="2981" status="PASS">
          <reporter-output>
          </reporter-output>
        </test-method> <!-- initializeDriver -->
        <test-method signature="idsAreNotEverything()[pri:0, instance:Selenium.TricentisObstcaleCourse.EasyTest@1e8b7643]" started-at="2022-12-08T07:46:09Z" name="idsAreNotEverything" finished-at="2022-12-08T07:46:13Z" duration-ms="4492" status="PASS">
          <reporter-output>
          </reporter-output>
        </test-method> <!-- idsAreNotEverything -->
        <test-method is-config="true" signature="tearDown()[pri:0, instance:Selenium.TricentisObstcaleCourse.EasyTest@1e8b7643]" started-at="2022-12-08T07:46:13Z" name="tearDown" finished-at="2022-12-08T07:46:14Z" duration-ms="713" status="PASS">
          <reporter-output>
          </reporter-output>
        </test-method> <!-- tearDown -->
        <test-method is-config="true" signature="initializeDriver()[pri:0, instance:Selenium.TricentisObstcaleCourse.EasyTest@1e8b7643]" started-at="2022-12-08T07:46:14Z" name="initializeDriver" finished-at="2022-12-08T07:46:17Z" duration-ms="2881" status="PASS">
          <reporter-output>
          </reporter-output>
        </test-method> <!-- initializeDriver -->
        <test-method signature="meethingScheduler()[pri:0, instance:Selenium.TricentisObstcaleCourse.EasyTest@1e8b7643]" started-at="2022-12-08T07:46:17Z" name="meethingScheduler" finished-at="2022-12-08T07:46:22Z" duration-ms="4941" status="PASS">
          <reporter-output>
          </reporter-output>
        </test-method> <!-- meethingScheduler -->
        <test-method is-config="true" signature="tearDown()[pri:0, instance:Selenium.TricentisObstcaleCourse.EasyTest@1e8b7643]" started-at="2022-12-08T07:46:22Z" name="tearDown" finished-at="2022-12-08T07:46:22Z" duration-ms="552" status="PASS">
          <reporter-output>
          </reporter-output>
        </test-method> <!-- tearDown -->
        <test-method is-config="true" signature="initializeDriver()[pri:0, instance:Selenium.TricentisObstcaleCourse.EasyTest@1e8b7643]" started-at="2022-12-08T07:46:22Z" name="initializeDriver" finished-at="2022-12-08T07:46:25Z" duration-ms="2704" status="PASS">
          <reporter-output>
          </reporter-output>
        </test-method> <!-- initializeDriver -->
        <test-method signature="popupWindows()[pri:0, instance:Selenium.TricentisObstcaleCourse.EasyTest@1e8b7643]" started-at="2022-12-08T07:46:25Z" name="popupWindows" finished-at="2022-12-08T07:46:29Z" duration-ms="3857" status="PASS">
          <reporter-output>
          </reporter-output>
        </test-method> <!-- popupWindows -->
        <test-method is-config="true" signature="tearDown()[pri:0, instance:Selenium.TricentisObstcaleCourse.EasyTest@1e8b7643]" started-at="2022-12-08T07:46:29Z" name="tearDown" finished-at="2022-12-08T07:46:30Z" duration-ms="1166" status="PASS">
          <reporter-output>
          </reporter-output>
        </test-method> <!-- tearDown -->
        <test-method is-config="true" signature="initializeDriver()[pri:0, instance:Selenium.TricentisObstcaleCourse.EasyTest@1e8b7643]" started-at="2022-12-08T07:46:30Z" name="initializeDriver" finished-at="2022-12-08T07:46:33Z" duration-ms="2642" status="PASS">
          <reporter-output>
          </reporter-output>
        </test-method> <!-- initializeDriver -->
        <test-method signature="redStripe()[pri:0, instance:Selenium.TricentisObstcaleCourse.EasyTest@1e8b7643]" started-at="2022-12-08T07:46:33Z" name="redStripe" finished-at="2022-12-08T07:46:39Z" duration-ms="6348" status="PASS">
          <reporter-output>
          </reporter-output>
        </test-method> <!-- redStripe -->
        <test-method is-config="true" signature="tearDown()[pri:0, instance:Selenium.TricentisObstcaleCourse.EasyTest@1e8b7643]" started-at="2022-12-08T07:46:39Z" name="tearDown" finished-at="2022-12-08T07:46:40Z" duration-ms="698" status="PASS">
          <reporter-output>
          </reporter-output>
        </test-method> <!-- tearDown -->
        <test-method is-config="true" signature="initializeDriver()[pri:0, instance:Selenium.TricentisObstcaleCourse.EasyTest@1e8b7643]" started-at="2022-12-08T07:46:40Z" name="initializeDriver" finished-at="2022-12-08T07:46:43Z" duration-ms="3023" status="PASS">
          <reporter-output>
          </reporter-output>
        </test-method> <!-- initializeDriver -->
        <test-method signature="theObvious()[pri:0, instance:Selenium.TricentisObstcaleCourse.EasyTest@1e8b7643]" started-at="2022-12-08T07:46:43Z" name="theObvious" finished-at="2022-12-08T07:46:49Z" duration-ms="6013" status="PASS">
          <reporter-output>
          </reporter-output>
        </test-method> <!-- theObvious -->
        <test-method is-config="true" signature="tearDown()[pri:0, instance:Selenium.TricentisObstcaleCourse.EasyTest@1e8b7643]" started-at="2022-12-08T07:46:49Z" name="tearDown" finished-at="2022-12-08T07:46:49Z" duration-ms="625" status="PASS">
          <reporter-output>
          </reporter-output>
        </test-method> <!-- tearDown -->
        <test-method is-config="true" signature="initializeDriver()[pri:0, instance:Selenium.TricentisObstcaleCourse.EasyTest@1e8b7643]" started-at="2022-12-08T07:46:49Z" name="initializeDriver" finished-at="2022-12-08T07:46:52Z" duration-ms="2750" status="PASS">
          <reporter-output>
          </reporter-output>
        </test-method> <!-- initializeDriver -->
        <test-method signature="tomorrow()[pri:0, instance:Selenium.TricentisObstcaleCourse.EasyTest@1e8b7643]" started-at="2022-12-08T07:46:52Z" name="tomorrow" finished-at="2022-12-08T07:46:58Z" duration-ms="6294" status="PASS">
          <reporter-output>
          </reporter-output>
        </test-method> <!-- tomorrow -->
        <test-method is-config="true" signature="tearDown()[pri:0, instance:Selenium.TricentisObstcaleCourse.EasyTest@1e8b7643]" started-at="2022-12-08T07:46:58Z" name="tearDown" finished-at="2022-12-08T07:46:59Z" duration-ms="252" status="PASS">
          <reporter-output>
          </reporter-output>
        </test-method> <!-- tearDown -->
        <test-method is-config="true" signature="initializeDriver()[pri:0, instance:Selenium.TricentisObstcaleCourse.EasyTest@1e8b7643]" started-at="2022-12-08T07:46:59Z" name="initializeDriver" finished-at="2022-12-08T07:47:02Z" duration-ms="3261" status="PASS">
          <reporter-output>
          </reporter-output>
        </test-method> <!-- initializeDriver -->
        <test-method signature="twins()[pri:0, instance:Selenium.TricentisObstcaleCourse.EasyTest@1e8b7643]" started-at="2022-12-08T07:47:02Z" name="twins" finished-at="2022-12-08T07:47:08Z" duration-ms="5667" status="PASS">
          <reporter-output>
          </reporter-output>
        </test-method> <!-- twins -->
        <test-method is-config="true" signature="tearDown()[pri:0, instance:Selenium.TricentisObstcaleCourse.EasyTest@1e8b7643]" started-at="2022-12-08T07:47:08Z" name="tearDown" finished-at="2022-12-08T07:47:08Z" duration-ms="432" status="PASS">
          <reporter-output>
          </reporter-output>
        </test-method> <!-- tearDown -->
        <test-method is-config="true" signature="initializeDriver()[pri:0, instance:Selenium.TricentisObstcaleCourse.EasyTest@1e8b7643]" started-at="2022-12-08T07:47:08Z" name="initializeDriver" finished-at="2022-12-08T07:47:11Z" duration-ms="3032" status="PASS">
          <reporter-output>
          </reporter-output>
        </test-method> <!-- initializeDriver -->
        <test-method signature="waitAMoment()[pri:0, instance:Selenium.TricentisObstcaleCourse.EasyTest@1e8b7643]" started-at="2022-12-08T07:47:11Z" name="waitAMoment" finished-at="2022-12-08T07:47:28Z" duration-ms="16492" status="PASS">
          <reporter-output>
          </reporter-output>
        </test-method> <!-- waitAMoment -->
        <test-method is-config="true" signature="tearDown()[pri:0, instance:Selenium.TricentisObstcaleCourse.EasyTest@1e8b7643]" started-at="2022-12-08T07:47:28Z" name="tearDown" finished-at="2022-12-08T07:47:28Z" duration-ms="283" status="PASS">
          <reporter-output>
          </reporter-output>
        </test-method> <!-- tearDown -->
      </class> <!-- Selenium.TricentisObstcaleCourse.EasyTest -->
    </test> <!-- Easy Obstacle Test -->
  </suite> <!-- Suite -->
</testng-results>
